<?xml version="1.0" encoding="UTF-8"?>
<!-- Generated by org.testng.reporters.JUnitXMLReporter -->
<testsuite hostname="DESKTOP-7F3VJB9" ignored="0" name="TC4" tests="4" failures="0" timestamp="2019-10-28T16:25:22 PDT" time="18.237" errors="0">
  <testcase name="googleParallelSearchTest" time="9.537" classname="com.test.test11.paralleltest.multithreading.GoogleParallelSerchTest"/>
  <testcase name="googleParallelSearchTest" time="9.943" classname="com.test.test11.paralleltest.multithreading.GoogleParallelSerchTest"/>
  <testcase name="googleParallelSearchTest" time="10.244" classname="com.test.test11.paralleltest.multithreading.GoogleParallelSerchTest"/>
  <testcase name="googleParallelSearchTest" time="9.804" classname="com.test.test11.paralleltest.multithreading.GoogleParallelSerchTest"/>
</testsuite> <!-- TC4 -->
