<?xml version="1.0" encoding="UTF-8"?>
<!-- Generated by org.testng.reporters.JUnitXMLReporter -->
<testsuite hostname="DESKTOP-7F3VJB9" ignored="0" name="TC4" tests="2" failures="0" timestamp="2019-10-28T17:12:30 PDT" time="16.2" errors="0">
  <testcase name="googleParallelSearchTest" time="8.233" classname="com.test.test11.paralleltest.multithreading.GoogleParallelSerchTest"/>
  <testcase name="googleParallelSearchTest" time="9.338" classname="com.test.test11.paralleltest.multithreading.GoogleParallelSerchTest"/>
</testsuite> <!-- TC4 -->
