<?xml version="1.0" encoding="UTF-8"?>
<!-- Generated by org.testng.reporters.JUnitXMLReporter -->
<testsuite hostname="DESKTOP-7F3VJB9" ignored="0" name="Dependency Test" tests="4" failures="1" timestamp="2019-10-23T15:47:20 PDT" time="0.057" errors="0">
  <testcase name="doUserRegistration" time="0.001" classname="com.test.test04.dependency.TestCase3DependsOnMethods">
    <failure type="java.lang.AssertionError" message="User registration failed">
      <![CDATA[java.lang.AssertionError: User registration failed
at com.test.test04.dependency.TestCase3DependsOnMethods.doUserRegistration(TestCase3DependsOnMethods.java:35)
at java.util.ArrayList.forEach(Unknown Source)
... Removed 28 stack frames]]>
    </failure>
  </testcase> <!-- doUserRegistration -->
  <testcase name="doUserLogin" time="0.0" classname="com.test.test04.dependency.TestCase3DependsOnMethods">
    <skipped/>
  </testcase> <!-- doUserLogin -->
  <testcase name="thirdTest" time="0.002" classname="com.test.test04.dependency.TestCase3DependsOnMethods"/>
  <testcase name="fourthTest" time="0.005" classname="com.test.test04.dependency.TestCase3DependsOnMethods"/>
</testsuite> <!-- Dependency Test -->
