<?xml version="1.0" encoding="UTF-8"?>
<!-- Generated by org.testng.reporters.JUnitXMLReporter -->
<testsuite hostname="DESKTOP-7F3VJB9" ignored="0" name="Failure Test" tests="1" failures="1" timestamp="2019-10-24T23:58:58 PDT" time="0.024" errors="0">
  <testcase name="doLogin" time="0.001" classname="com.test.test07.listeners.onfailure.xml.TestFailureWithXmlListener">
    <failure type="java.lang.AssertionError" message="Failing the login test">
      <![CDATA[java.lang.AssertionError: Failing the login test
at com.test.test07.listeners.onfailure.xml.TestFailureWithXmlListener.doLogin(TestFailureWithXmlListener.java:20)
at java.util.ArrayList.forEach(Unknown Source)
... Removed 28 stack frames]]>
    </failure>
  </testcase> <!-- doLogin -->
</testsuite> <!-- Failure Test -->
