<?xml version="1.0" encoding="UTF-8"?>
<!-- Generated by org.testng.reporters.JUnitXMLReporter -->
<testsuite hostname="DESKTOP-7F3VJB9" ignored="2" tests="0" failures="0" timestamp="2019-10-29T12:27:37 PDT" time="0.011" errors="0">
  <testcase name="doUserRegistration" time="0.0" classname="com.test.test01.annotations.sequence.TestCase1">
    <ignored/>
  </testcase> <!-- doUserRegistration -->
  <testcase name="doLogin" time="0.0" classname="com.test.test01.annotations.sequence.TestCase1">
    <ignored/>
  </testcase> <!-- doLogin -->
</testsuite>
