<?xml version="1.0" encoding="UTF-8"?>
<!-- Generated by org.testng.reporters.JUnitXMLReporter -->
<testsuite hostname="DESKTOP-7F3VJB9" ignored="0" name="Default test" tests="5" failures="0" timestamp="2019-10-15T13:02:51 PDT" time="21.125" errors="0">
  <testcase name="writeCompanyColumnIntoXcelTest" time="0.998" classname="com.test.TestNG18WriteWebTableIntoXcel"/>
  <testcase name="writeContactColumnIntoXcelTest" time="0.647" classname="com.test.TestNG18WriteWebTableIntoXcel"/>
  <testcase name="writeCountryColumnIntoXcelTest" time="1.491" classname="com.test.TestNG18WriteWebTableIntoXcel"/>
  <testcase name="writeTableIntoXcelNestedForLoopTest" time="3.503" classname="com.test.TestNG18WriteWebTableIntoXcel"/>
  <testcase name="writeTableIntoXcelSingleForLoopTest" time="1.03" classname="com.test.TestNG18WriteWebTableIntoXcel"/>
</testsuite> <!-- Default test -->
