<?xml version="1.0" encoding="UTF-8"?>
<!-- Generated by org.testng.reporters.JUnitXMLReporter -->
<testsuite hostname="DESKTOP-7F3VJB9" ignored="0" name="Test1" tests="2" failures="0" timestamp="2019-10-28T17:25:01 PDT" time="11.019" errors="0">
  <testcase name="test1" time="1.997" classname="com.test.test11.paralleltest.xmlthreadcount.ParallelMultithreadingTest"/>
  <testcase name="test2" time="3.296" classname="com.test.test11.paralleltest.xmlthreadcount.ParallelMultithreadingTest"/>
</testsuite> <!-- Test1 -->
