<?xml version="1.0" encoding="UTF-8"?>
<!-- Generated by org.testng.reporters.JUnitXMLReporter -->
<testsuite hostname="DESKTOP-7F3VJB9" ignored="0" name="Test name here: e.g., TestNG Features Test" tests="25" failures="0" timestamp="2019-10-04T14:47:56 PDT" time="43.367" errors="0">
  <testcase name="googleLogoTest" time="0.005" classname="com.test.TestNG1AnnotationSequenceTest"/>
  <testcase name="googleTitleTest" time="0.002" classname="com.test.TestNG1AnnotationSequenceTest"/>
  <testcase name="searchTest" time="0.002" classname="com.test.TestNG1AnnotationSequenceTest"/>
  <testcase name="googleTitleTest" time="0.011" classname="com.test.TestNG2GoogleTest"/>
  <testcase name="googleLogoTest" time="0.118" classname="com.test.TestNG2GoogleTest"/>
  <testcase name="gmailLinkTest" time="0.045" classname="com.test.TestNG2GoogleTest"/>
  <testcase name="imagesLinkTest" time="0.045" classname="com.test.TestNG2GoogleTest"/>
  <testcase name="aboutLinkTest" time="0.044" classname="com.test.TestNG2GoogleTest"/>
  <testcase name="storeLinkTest" time="0.06" classname="com.test.TestNG2GoogleTest"/>
  <testcase name="loginTest" time="0.002" classname="com.test.TestNG3DependencyTest"/>
  <testcase name="homePageTest" time="0.003" classname="com.test.TestNG3DependencyTest"/>
  <testcase name="searchPageTest" time="0.002" classname="com.test.TestNG3DependencyTest"/>
  <testcase name="sum" time="0.003" classname="com.test.TestNG4InvocationCountTest"/>
  <testcase name="sum" time="0.004" classname="com.test.TestNG4InvocationCountTest"/>
  <testcase name="sum" time="0.002" classname="com.test.TestNG4InvocationCountTest"/>
  <testcase name="sum" time="0.002" classname="com.test.TestNG4InvocationCountTest"/>
  <testcase name="sum" time="0.002" classname="com.test.TestNG4InvocationCountTest"/>
  <testcase name="sum" time="0.001" classname="com.test.TestNG4InvocationCountTest"/>
  <testcase name="sum" time="0.001" classname="com.test.TestNG4InvocationCountTest"/>
  <testcase name="sum" time="0.001" classname="com.test.TestNG4InvocationCountTest"/>
  <testcase name="sum" time="0.001" classname="com.test.TestNG4InvocationCountTest"/>
  <testcase name="sum" time="0.001" classname="com.test.TestNG4InvocationCountTest"/>
  <testcase name="test1" time="0.001" classname="com.test.TestNG5ExceptionTimeoutExpectedException"/>
  <testcase name="googleTitleTest" time="0.009" classname="com.test.TestNG6GoogleTitleTest"/>
  <testcase name="googleLogoTest" time="0.04" classname="com.test.TestNG6GoogleTitleTest"/>
</testsuite> <!-- Test name here: e.g., TestNG Features Test -->
