<?xml version="1.0" encoding="UTF-8"?>
<!-- Generated by org.testng.reporters.JUnitXMLReporter -->
<testsuite hostname="DESKTOP-7F3VJB9" ignored="2" name="Include Exclude Sanity Group Test" tests="2" failures="0" timestamp="2019-10-29T09:29:39 PDT" time="0.071" errors="0">
  <testcase name="testFour" time="0.011" classname="com.test.test02.annotations.includeexclude.groups.TestBelongsToSingleGroup"/>
  <testcase name="testOne" time="0.004" classname="com.test.test02.annotations.includeexclude.groups.TestBelongsToSingleGroup"/>
  <testcase name="testThree" time="0.0" classname="com.test.test02.annotations.includeexclude.groups.TestBelongsToSingleGroup">
    <ignored/>
  </testcase> <!-- testThree -->
  <testcase name="testTwo" time="0.0" classname="com.test.test02.annotations.includeexclude.groups.TestBelongsToSingleGroup">
    <ignored/>
  </testcase> <!-- testTwo -->
</testsuite> <!-- Include Exclude Sanity Group Test -->
