<?xml version="1.0" encoding="UTF-8"?>
<!-- Generated by org.testng.reporters.JUnitXMLReporter -->
<testsuite hostname="DESKTOP-7F3VJB9" ignored="3" name="Include Exclude Regression Group Test" tests="1" failures="0" timestamp="2019-10-29T09:29:39 PDT" time="0.004" errors="0">
  <testcase name="testFour" time="0.001" classname="com.test.test02.annotations.includeexclude.groups.TestBelongsToSingleGroup"/>
  <testcase name="testThree" time="0.0" classname="com.test.test02.annotations.includeexclude.groups.TestBelongsToSingleGroup">
    <ignored/>
  </testcase> <!-- testThree -->
  <testcase name="testOne" time="0.0" classname="com.test.test02.annotations.includeexclude.groups.TestBelongsToSingleGroup">
    <ignored/>
  </testcase> <!-- testOne -->
  <testcase name="testTwo" time="0.0" classname="com.test.test02.annotations.includeexclude.groups.TestBelongsToSingleGroup">
    <ignored/>
  </testcase> <!-- testTwo -->
</testsuite> <!-- Include Exclude Regression Group Test -->
