<?xml version="1.0" encoding="UTF-8"?>
<!-- Generated by org.testng.reporters.JUnitXMLReporter -->
<testsuite hostname="DESKTOP-7F3VJB9" ignored="2" name="Include Exclude Group Test" tests="1" failures="0" timestamp="2019-10-29T09:10:08 PDT" time="0.056" errors="0">
  <testcase name="testTwo" time="0.011" classname="com.test.test02.annotations.includeexclude.TestBelongsToSingleGroup"/>
  <testcase name="testThree" time="0.0" classname="com.test.test02.annotations.includeexclude.TestBelongsToSingleGroup">
    <ignored/>
  </testcase> <!-- testThree -->
  <testcase name="testOne" time="0.0" classname="com.test.test02.annotations.includeexclude.TestBelongsToSingleGroup">
    <ignored/>
  </testcase> <!-- testOne -->
</testsuite> <!-- Include Exclude Group Test -->
