<?xml version="1.0" encoding="UTF-8"?>
<!-- Generated by org.testng.reporters.JUnitXMLReporter -->
<testsuite hostname="DESKTOP-7F3VJB9" ignored="5" name="Bookings Test" tests="7" failures="0" timestamp="2019-10-29T12:15:27 PDT" time="0.073" errors="0">
  <testcase name="bookHoliadayPackage__departure_TC2" time="0.011" classname="com.test.test02.annotations.includeexclude.methods.BookHolidayPackage"/>
  <testcase name="bookHoliadayPackage__destination_TC1" time="0.001" classname="com.test.test02.annotations.includeexclude.methods.BookHolidayPackage"/>
  <testcase name="bookHoliadayPackage__return_TC3" time="0.001" classname="com.test.test02.annotations.includeexclude.methods.BookHolidayPackage"/>
  <testcase name="bookFlight_OneWay_TC1" time="0.001" classname="com.test.test02.annotations.includeexclude.methods.BookFlight"/>
  <testcase name="bookFlight_OneWay_TC2" time="0.001" classname="com.test.test02.annotations.includeexclude.methods.BookFlight"/>
  <testcase name="bookHotel__destinationCity_TC1" time="0.001" classname="com.test.test02.annotations.includeexclude.methods.BookHotel"/>
  <testcase name="flightStatus_TC2" time="0.002" classname="com.test.test02.annotations.includeexclude.methods.FlightStatus"/>
  <testcase name="bookHotel__checkoutDate_TC3" time="0.0" classname="com.test.test02.annotations.includeexclude.methods.BookHotel">
    <ignored/>
  </testcase> <!-- bookHotel__checkoutDate_TC3 -->
  <testcase name="bookHotel__checkinDate_TC2" time="0.0" classname="com.test.test02.annotations.includeexclude.methods.BookHotel">
    <ignored/>
  </testcase> <!-- bookHotel__checkinDate_TC2 -->
  <testcase name="flightStatus_TC1" time="0.0" classname="com.test.test02.annotations.includeexclude.methods.FlightStatus">
    <ignored/>
  </testcase> <!-- flightStatus_TC1 -->
  <testcase name="bookFlight_RoundTrip_TC1" time="0.0" classname="com.test.test02.annotations.includeexclude.methods.BookFlight">
    <ignored/>
  </testcase> <!-- bookFlight_RoundTrip_TC1 -->
  <testcase name="bookFlight_RoundTrip_TC2" time="0.0" classname="com.test.test02.annotations.includeexclude.methods.BookFlight">
    <ignored/>
  </testcase> <!-- bookFlight_RoundTrip_TC2 -->
</testsuite> <!-- Bookings Test -->
