<?xml version="1.0" encoding="UTF-8"?>
<!-- Generated by org.testng.reporters.JUnitXMLReporter -->
<testsuite hostname="DESKTOP-7F3VJB9" ignored="0" name="Regression Login Test" tests="2" failures="0" timestamp="2019-10-23T12:57:02 PDT" time="0.016" errors="0">
  <testcase name="doUserRegistration" time="0.002" classname="com.test.test01.annotationsequence.TestCase1"/>
  <testcase name="doLogin" time="0.003" classname="com.test.test01.annotationsequence.TestCase1"/>
</testsuite> <!-- Regression Login Test -->
