<?xml version="1.0" encoding="UTF-8"?>
<testng-results skipped="0" failed="0" ignored="0" total="2" passed="2">
  <reporter-output>
  </reporter-output>
  <suite name="Parallel Suite" duration-ms="2131" started-at="2019-10-24T14:01:58 PDT" finished-at="2019-10-24T14:02:01 PDT">
    <groups>
    </groups>
    <test name="Chrome Test" duration-ms="2111" started-at="2019-10-24T14:01:58 PDT" finished-at="2019-10-24T14:02:00 PDT">
      <class name="com.test.test11.paralleltest.TestParallelWithXml">
        <test-method status="PASS" signature="doLogin(java.lang.String)[pri:0, instance:com.test.test11.paralleltest.TestParallelWithXml@36b4cef0]" name="doLogin" duration-ms="2036" started-at="2019-10-24T14:01:58 PDT" finished-at="2019-10-24T14:02:00 PDT">
          <params>
            <param index="0">
              <value>
                <![CDATA[chrome]]>
              </value>
            </param>
          </params>
          <reporter-output>
          </reporter-output>
        </test-method> <!-- doLogin -->
      </class> <!-- com.test.test11.paralleltest.TestParallelWithXml -->
    </test> <!-- Chrome Test -->
    <test name="Firefox Test" duration-ms="2131" started-at="2019-10-24T14:01:58 PDT" finished-at="2019-10-24T14:02:01 PDT">
      <class name="com.test.test11.paralleltest.TestParallelWithXml">
        <test-method status="PASS" signature="doLogin(java.lang.String)[pri:0, instance:com.test.test11.paralleltest.TestParallelWithXml@7a1ebcd8]" name="doLogin" duration-ms="2036" started-at="2019-10-24T14:01:58 PDT" finished-at="2019-10-24T14:02:00 PDT">
          <params>
            <param index="0">
              <value>
                <![CDATA[firefox]]>
              </value>
            </param>
          </params>
          <reporter-output>
          </reporter-output>
        </test-method> <!-- doLogin -->
      </class> <!-- com.test.test11.paralleltest.TestParallelWithXml -->
    </test> <!-- Firefox Test -->
  </suite> <!-- Parallel Suite -->
</testng-results>
