<?xml version="1.0" encoding="UTF-8"?>
<!-- Generated by org.testng.reporters.JUnitXMLReporter -->
<testsuite hostname="DESKTOP-7F3VJB9" ignored="0" name="Retry Logic for Failed Test" tests="8" failures="2" timestamp="2019-10-18T12:40:04 PDT" time="10.826" errors="0">
  <testcase name="testMethodOne" time="0.014" classname="com.test.test5.retrylogic.RetryLogicTest">
    <skipped/>
  </testcase> <!-- testMethodOne -->
  <testcase name="testMethodOne" time="0.005" classname="com.test.test5.retrylogic.RetryLogicTest">
    <skipped/>
  </testcase> <!-- testMethodOne -->
  <testcase name="testMethodOne" time="0.005" classname="com.test.test5.retrylogic.RetryLogicTest">
    <skipped/>
  </testcase> <!-- testMethodOne -->
  <testcase name="testMethodOne" time="0.004" classname="com.test.test5.retrylogic.RetryLogicTest">
    <failure type="java.lang.AssertionError" message="expected [true] but found [false]">
      <![CDATA[java.lang.AssertionError: expected [true] but found [false]
at com.test.test5.retrylogic.RetryLogicTest.testMethodOne(RetryLogicTest.java:31)
at java.util.ArrayList.forEach(Unknown Source)
... Removed 32 stack frames]]>
    </failure>
  </testcase> <!-- testMethodOne -->
  <testcase name="testMethodTwo" time="0.003" classname="com.test.test5.retrylogic.RetryLogicTest">
    <skipped/>
  </testcase> <!-- testMethodTwo -->
  <testcase name="testMethodTwo" time="0.003" classname="com.test.test5.retrylogic.RetryLogicTest">
    <skipped/>
  </testcase> <!-- testMethodTwo -->
  <testcase name="testMethodTwo" time="0.001" classname="com.test.test5.retrylogic.RetryLogicTest">
    <skipped/>
  </testcase> <!-- testMethodTwo -->
  <testcase name="testMethodTwo" time="0.001" classname="com.test.test5.retrylogic.RetryLogicTest">
    <failure type="java.lang.AssertionError" message="expected [true] but found [false]">
      <![CDATA[java.lang.AssertionError: expected [true] but found [false]
at com.test.test5.retrylogic.RetryLogicTest.testMethodTwo(RetryLogicTest.java:37)
at java.util.ArrayList.forEach(Unknown Source)
... Removed 32 stack frames]]>
    </failure>
  </testcase> <!-- testMethodTwo -->
</testsuite> <!-- Retry Logic for Failed Test -->
