<?xml version="1.0" encoding="UTF-8"?>
<!-- Generated by org.testng.reporters.JUnitXMLReporter -->
<testsuite hostname="DESKTOP-7F3VJB9" ignored="0" name="Retry Logic for Failed Test" tests="8" failures="2" timestamp="2019-10-22T22:57:38 PDT" time="12.722" errors="0">
  <testcase name="testMethodOne" time="0.023" classname="com.test.test5.retrylogic.RetryLogicTest">
    <skipped/>
  </testcase> <!-- testMethodOne -->
  <testcase name="testMethodOne" time="0.004" classname="com.test.test5.retrylogic.RetryLogicTest">
    <skipped/>
  </testcase> <!-- testMethodOne -->
  <testcase name="testMethodOne" time="0.002" classname="com.test.test5.retrylogic.RetryLogicTest">
    <skipped/>
  </testcase> <!-- testMethodOne -->
  <testcase name="testMethodOne" time="0.002" classname="com.test.test5.retrylogic.RetryLogicTest">
    <failure type="java.lang.AssertionError" message="expected [true] but found [false]">
      <![CDATA[java.lang.AssertionError: expected [true] but found [false]
at com.test.test5.retrylogic.RetryLogicTest.testMethodOne(RetryLogicTest.java:28)
at java.util.ArrayList.forEach(Unknown Source)
... Removed 32 stack frames]]>
    </failure>
  </testcase> <!-- testMethodOne -->
  <testcase name="testMethodTwo" time="0.001" classname="com.test.test5.retrylogic.RetryLogicTest">
    <skipped/>
  </testcase> <!-- testMethodTwo -->
  <testcase name="testMethodTwo" time="0.002" classname="com.test.test5.retrylogic.RetryLogicTest">
    <skipped/>
  </testcase> <!-- testMethodTwo -->
  <testcase name="testMethodTwo" time="0.004" classname="com.test.test5.retrylogic.RetryLogicTest">
    <skipped/>
  </testcase> <!-- testMethodTwo -->
  <testcase name="testMethodTwo" time="0.012" classname="com.test.test5.retrylogic.RetryLogicTest">
    <failure type="java.lang.AssertionError" message="expected [true] but found [false]">
      <![CDATA[java.lang.AssertionError: expected [true] but found [false]
at com.test.test5.retrylogic.RetryLogicTest.testMethodTwo(RetryLogicTest.java:34)
at java.util.ArrayList.forEach(Unknown Source)
... Removed 32 stack frames]]>
    </failure>
  </testcase> <!-- testMethodTwo -->
</testsuite> <!-- Retry Logic for Failed Test -->
