<?xml version="1.0" encoding="UTF-8"?>
<!-- Generated by org.testng.reporters.JUnitXMLReporter -->
<testsuite hostname="DESKTOP-7F3VJB9" ignored="0" name="Login Test" tests="2" failures="1" timestamp="2019-10-25T11:34:37 PDT" time="24.231" errors="0">
  <testcase name="doLogin" time="0.402" classname="com.test.test07.listeners.onfailure.screenshot.mail.ScreenshotZipMailTest"/>
  <testcase name="composeEmail" time="0.005" classname="com.test.test07.listeners.onfailure.screenshot.mail.ScreenshotZipMailTest">
    <failure type="java.lang.AssertionError" message="Error in composing email">
      <![CDATA[java.lang.AssertionError: Error in composing email
at com.test.test07.listeners.onfailure.screenshot.mail.ScreenshotZipMailTest.composeEmail(ScreenshotZipMailTest.java:30)
at java.util.ArrayList.forEach(Unknown Source)
... Removed 28 stack frames]]>
    </failure>
  </testcase> <!-- composeEmail -->
</testsuite> <!-- Login Test -->
