<?xml version="1.0" encoding="UTF-8"?>
<!-- Generated by org.testng.reporters.JUnitXMLReporter -->
<testsuite hostname="DESKTOP-7F3VJB9" ignored="0" name="Test" tests="3" failures="1" timestamp="2019-10-26T01:36:07 PDT" time="18.514" errors="0">
  <testcase name="doLogin" time="0.014" classname="com.test.test07.listeners.onfailure.screenshot.extentreport2.TestCase2DynamicExtentSetup"/>
  <testcase name="doUserReg" time="0.003" classname="com.test.test07.listeners.onfailure.screenshot.extentreport2.TestCase2DynamicExtentSetup">
    <failure type="java.lang.AssertionError" message="User Reg Test Failed">
      <![CDATA[java.lang.AssertionError: User Reg Test Failed
at com.test.test07.listeners.onfailure.screenshot.extentreport2.TestCase2DynamicExtentSetup.doUserReg(TestCase2DynamicExtentSetup.java:41)
at java.util.ArrayList.forEach(Unknown Source)
... Removed 28 stack frames]]>
    </failure>
  </testcase> <!-- doUserReg -->
  <testcase name="isSkip" time="0.002" classname="com.test.test07.listeners.onfailure.screenshot.extentreport2.TestCase2DynamicExtentSetup">
    <skipped/>
  </testcase> <!-- isSkip -->
</testsuite> <!-- Test -->
